Command line:
   Project3_tb_isim_beh.exe
     -simmode  gui
     -simrunnum  0
     -socket  41984

Sun Apr 12 23:39:50 2026


 Elaboration Time: 0.05 sec

 Current Memory Usage: 215.245 Meg

 Total Signals          : 23
 Total Nets             : 120
 Total Signal Drivers   : 15
 Total Blocks           : 3
 Total Primitive Blocks : 2
 Total Processes        : 20
 Total Traceable Variables  : 32
 Total Scalar Nets and Variables : 311
Total Line Count : 110

 Total Simulation Time: 0.16 sec

 Current Memory Usage: 292.844 Meg

Sun Apr 12 23:58:48 2026

